<?xml version="1.0" encoding="UTF-8"?>
<!-- Generated by org.testng.reporters.JUnitXMLReporter -->
<testsuite hostname="DESKTOP-FGNLH2G" name="Test" tests="1" failures="0" timestamp="10 Jan 2019 06:21:50 GMT" time="0.085" errors="0">
  <testcase name="@BeforeClass setup1" time="0.0" classname="DZSC.zy">
    <failure type="java.lang.IllegalStateException" message="The driver executable does not exist: D:\eclipse\seleniumtest\.\tools\chromedriver.exe">
      <![CDATA[java.lang.IllegalStateException: The driver executable does not exist: D:\eclipse\seleniumtest\.\tools\chromedriver.exe
	at com.google.common.base.Preconditions.checkState(Preconditions.java:199)
	at org.openqa.selenium.remote.service.DriverService.checkExecutable(DriverService.java:121)
	at org.openqa.selenium.remote.service.DriverService.findExecutable(DriverService.java:116)
	at org.openqa.selenium.chrome.ChromeDriverService.access$0(ChromeDriverService.java:1)
	at org.openqa.selenium.chrome.ChromeDriverService$Builder.findDefaultExecutable(ChromeDriverService.java:137)
	at org.openqa.selenium.remote.service.DriverService$Builder.build(DriverService.java:296)
	at org.openqa.selenium.chrome.ChromeDriverService.createDefaultService(ChromeDriverService.java:88)
	at org.openqa.selenium.chrome.ChromeDriver.<init>(ChromeDriver.java:116)
	at DZSC.zy.setup1(zy.java:16)
... Removed 24 stack frames]]>
    </failure>
  </testcase> <!-- @BeforeClass setup1 -->
  <testcase name="@AfterClass afterClass" time="0.0" classname="DZSC.zy">
    <skipped/>
  </testcase> <!-- @AfterClass afterClass -->
  <testcase name="aa" time="0.001" classname="DZSC.zy">
    <skipped/>
  </testcase> <!-- aa -->
</testsuite> <!-- Test -->
